<?xml version="1.0" encoding="UTF-8" ?>
<testsuite tests="11" failures="0" name="cucumberJava.runTest" time="2.261" errors="0" skipped="0">
  <properties>
[...]
</properties>
  <testcase classname="Given I open Facebook website   " name="Given I open Facebook website   " time="0.005"/>
  <testcase classname="Then Login button should exists    " name="Then Login button should exists    " time="0"/>
  <testcase classname="Scenario: Login button exists  " name="Scenario: Login button exists  " time="0.591"/>
  <testcase classname="Given I open Facebook website        " name="Given I open Facebook website        " time="0"/>
  <testcase classname="When User enters username1 and password1         " name="When User enters username1 and password1         " time="0"/>
  <testcase classname="Then Message displayed incorrect          " name="Then Message displayed incorrect          " time="0"/>
  <testcase classname="| username1 | password1 |       " name="| username1 | password1 |       " time="0.75"/>
  <testcase classname="Given I open Facebook website            " name="Given I open Facebook website            " time="0"/>
  <testcase classname="When User enters username2 and password2             " name="When User enters username2 and password2             " time="0"/>
  <testcase classname="Then Message displayed incorrect              " name="Then Message displayed incorrect              " time="0"/>
  <testcase classname="| username2 | password2 |           " name="| username2 | password2 |           " time="0.915"/>
</testsuite>